<?xml version="1.0" encoding="UTF-8"?>
<!-- Generated by org.testng.reporters.JUnitReportReporter -->
<testsuite hostname="Vishals-MacBook-Pro.local" failures="0" tests="1" name="test.test.NewTest" time="0.012" errors="0" timestamp="20 Jun 2019 19:27:32 GMT" skipped="0">
  <testcase classname="test.test.NewTest" name="f" time="0.012"/>
</testsuite> <!-- test.test.NewTest -->
